Build started 10/12/2015 11:43:37 AM.
     1>Project "C:\Users\Zafar\OneDrive\Data Structures\proj2\P-2\Project2\Project2\Project2.vcxproj" on node 2 (Build target(s)).
     1>ClCompile:
         E:\Visual Studio\VC\bin\CL.exe /c /ZI /nologo /W3 /WX- /sdl /Od /Oy- /D _MBCS /Gm /EHsc /RTC1 /MDd /GS /fp:precise /Zc:wchar_t /Zc:forScope /Fo"Debug\\" /Fd"Debug\vc120.pdb" /Gd /TP /analyze- /errorReport:prompt Food.cpp Manager.cpp Order.cpp Orders.cpp Store.cpp driver.cpp
         driver.cpp
         Store.cpp
         Food.cpp
         Generating Code...
         Compiling...
         Orders.cpp
         Order.cpp
         Manager.cpp
         Generating Code...
       Link:
         E:\Visual Studio\VC\bin\link.exe /ERRORREPORT:PROMPT /OUT:"C:\Users\Zafar\OneDrive\Data Structures\proj2\P-2\Project2\Debug\Project2.exe" /INCREMENTAL /NOLOGO kernel32.lib user32.lib gdi32.lib winspool.lib comdlg32.lib advapi32.lib shell32.lib ole32.lib oleaut32.lib uuid.lib odbc32.lib odbccp32.lib /MANIFEST /MANIFESTUAC:"level='asInvoker' uiAccess='false'" /manifest:embed /DEBUG /PDB:"C:\Users\Zafar\OneDrive\Data Structures\proj2\P-2\Project2\Debug\Project2.pdb" /TLBID:1 /DYNAMICBASE /NXCOMPAT /IMPLIB:"C:\Users\Zafar\OneDrive\Data Structures\proj2\P-2\Project2\Debug\Project2.lib" /MACHINE:X86 Debug\driver.obj
         Debug\Food.obj
         Debug\Fruit.obj
         Debug\Manager.obj
         Debug\Meat.obj
         Debug\Order.obj
         Debug\Orders.obj
         Debug\Starch.obj
         Debug\Store.obj
         Debug\Sweet.obj
         Debug\Vegetable.obj
         Project2.vcxproj -> C:\Users\Zafar\OneDrive\Data Structures\proj2\P-2\Project2\Debug\Project2.exe
     1>Done Building Project "C:\Users\Zafar\OneDrive\Data Structures\proj2\P-2\Project2\Project2\Project2.vcxproj" (Build target(s)).

Build succeeded.

Time Elapsed 00:00:11.53
